<html>
<head>
<title>TestNG:  Test</title>
<link href="../testng.css" rel="stylesheet" type="text/css" />
<link href="../my-testng.css" rel="stylesheet" type="text/css" />

<style type="text/css">
.log { display: none;} 
.stack-trace { display: none;} 
</style>
<script type="text/javascript">
<!--
function flip(e) {
  current = e.style.display;
  if (current == 'block') {
    e.style.display = 'none';
    return 0;
  }
  else {
    e.style.display = 'block';
    return 1;
  }
}

function toggleBox(szDivId, elem, msg1, msg2)
{
  var res = -1;  if (document.getElementById) {
    res = flip(document.getElementById(szDivId));
  }
  else if (document.all) {
    // this is the way old msie versions work
    res = flip(document.all[szDivId]);
  }
  if(elem) {
    if(res == 0) elem.innerHTML = msg1; else elem.innerHTML = msg2;
  }

}

function toggleAllBoxes() {
  if (document.getElementsByTagName) {
    d = document.getElementsByTagName('div');
    for (i = 0; i < d.length; i++) {
      if (d[i].className == 'log') {
        flip(d[i]);
      }
    }
  }
}

// -->
</script>

</head>
<body>
<h2 align='center'>Test</h2><table border='1' align="center">
<tr>
<td>Tests passed/Failed/Skipped:</td><td>31/2/0</td>
</tr><tr>
<td>Started on:</td><td>Tue Feb 01 08:01:36 IST 2022</td>
</tr>
<tr><td>Total time:</td><td>288 seconds (288802 ms)</td>
</tr><tr>
<td>Included groups:</td><td></td>
</tr><tr>
<td>Excluded groups:</td><td></td>
</tr>
</table><p/>
<small><i>(Hover the method name to see the test class name)</i></small><p/>
<table width='100%' border='1' class='invocation-failed'>
<tr><td colspan='4' align='center'><b>FAILED TESTS</b></td></tr>
<tr><td><b>Test method</b></td>
<td width="30%"><b>Exception</b></td>
<td width="10%"><b>Time (seconds)</b></td>
<td><b>Instance</b></td>
</tr>
<tr>
<td title='com.buffalocart.test.NewLeadTest.verifyAddleadpage()'><b>verifyAddleadpage</b><br>Test class: com.buffalocart.test.NewLeadTest<br>Test method: TC_004_Lead<br>Parameters: lead123, obsqura, obsqurazone@gmail.com, 9456789909, trivandrum, ameya, 8976558, absqura,trivandrum, kerala</td>
<td><div><pre>org.openqa.selenium.NoSuchElementException: no such element: Unable to locate element: {&quot;method&quot;:&quot;xpath&quot;,&quot;selector&quot;:&quot;//li[@class=&quot;parsley-required&quot;]&quot;}
  (Session info: chrome=97.0.4692.99)
For documentation on this error, please visit: https://selenium.dev/exceptions/#no_such_element
Build info: version: &apos;4.0.0&apos;, revision: &apos;3a21814679&apos;
System info: host: &apos;LESHMISAT&apos;, ip: &apos;192.168.1.3&apos;, os.name: &apos;Windows 10&apos;, os.arch: &apos;amd64&apos;, os.version: &apos;10.0&apos;, java.version: &apos;17.0.1&apos;
Driver info: org.openqa.selenium.chrome.ChromeDriver
Command: [5167c2285450d0074441cb7cef9f1d1d, findElement {using=xpath, value=//li[@class=&quot;parsley-required&quot;]}]
Capabilities {acceptInsecureCerts: false, browserName: chrome, browserVersion: 97.0.4692.99, chrome: {chromedriverVersion: 96.0.4664.45 (76e4c1bb2ab46..., userDataDir: C:\Users\LESHMI~1\AppData\L...}, goog:chromeOptions: {debuggerAddress: localhost:57450}, javascriptEnabled: true, networkConnectionEnabled: false, pageLoadStrategy: normal, platform: WINDOWS, platformName: WINDOWS, proxy: Proxy(), se:cdp: ws://localhost:57450/devtoo..., se:cdpVersion: 97.0.4692.99, setWindowRect: true, strictFileInteractability: false, timeouts: {implicit: 0, pageLoad: 300000, script: 30000}, unhandledPromptBehavior: dismiss and notify, webauthn:extension:credBlob: true, webauthn:extension:largeBlob: true, webauthn:virtualAuthenticators: true}
Session ID: 5167c2285450d0074441cb7cef9f1d1d
	at org.openqa.selenium.remote.codec.w3c.W3CHttpResponseCodec.createException(W3CHttpResponseCodec.java:200)
	at org.openqa.selenium.remote.codec.w3c.W3CHttpResponseCodec.decode(W3CHttpResponseCodec.java:133)
	at org.openqa.selenium.remote.codec.w3c.W3CHttpResponseCodec.decode(W3CHttpResponseCodec.java:53)
	at org.openqa.selenium.remote.HttpCommandExecutor.execute(HttpCommandExecutor.java:184)
	at org.openqa.selenium.remote.service.DriverCommandExecutor.invokeExecute(DriverCommandExecutor.java:164)
	at org.openqa.selenium.remote.service.DriverCommandExecutor.execute(DriverCommandExecutor.java:139)
	at org.openqa.selenium.remote.RemoteWebDriver.execute(RemoteWebDriver.java:559)
	at org.openqa.selenium.remote.ElementLocation$ElementFinder$2.findElement(ElementLocation.java:162)
	at org.openqa.selenium.remote.ElementLocation.findElement(ElementLocation.java:60)
	at org.openqa.selenium.remote.RemoteWebDriver.findElement(RemoteWebDriver.java:383)
	at org.openqa.selenium.remote.RemoteWebDriver.findElement(RemoteWebDriver.java:375)
	at org.openqa.selenium.support.pagefactory.DefaultElementLocator.findElement(DefaultElementLocator.java:70)
	at org.openqa.selenium.support.pagefactory.internal.LocatingElementHandler.invoke(LocatingElementHandler.java:39)
	at jdk.proxy2/jdk.proxy2.$Proxy18.isDisplayed(Unknown Source)
	at com.buffalocart.pages.NewLead.required(NewLead.java:98)
	at com.buffalocart.test.NewLeadTest.verifyAddleadpage(NewLeadTest.java:49)
	at java.base/java.util.ArrayList.forEach(ArrayList.java:1511)
... Removed 32 stack frames</pre></div><a href='#' onClick='toggleBox("stack-trace1920566957", this, "Click to show all stack frames", "Click to hide stack frames")'>Click to show all stack frames</a>
<div class='stack-trace' id='stack-trace1920566957'><pre>org.openqa.selenium.NoSuchElementException: no such element: Unable to locate element: {&quot;method&quot;:&quot;xpath&quot;,&quot;selector&quot;:&quot;//li[@class=&quot;parsley-required&quot;]&quot;}
  (Session info: chrome=97.0.4692.99)
For documentation on this error, please visit: https://selenium.dev/exceptions/#no_such_element
Build info: version: &apos;4.0.0&apos;, revision: &apos;3a21814679&apos;
System info: host: &apos;LESHMISAT&apos;, ip: &apos;192.168.1.3&apos;, os.name: &apos;Windows 10&apos;, os.arch: &apos;amd64&apos;, os.version: &apos;10.0&apos;, java.version: &apos;17.0.1&apos;
Driver info: org.openqa.selenium.chrome.ChromeDriver
Command: [5167c2285450d0074441cb7cef9f1d1d, findElement {using=xpath, value=//li[@class=&quot;parsley-required&quot;]}]
Capabilities {acceptInsecureCerts: false, browserName: chrome, browserVersion: 97.0.4692.99, chrome: {chromedriverVersion: 96.0.4664.45 (76e4c1bb2ab46..., userDataDir: C:\Users\LESHMI~1\AppData\L...}, goog:chromeOptions: {debuggerAddress: localhost:57450}, javascriptEnabled: true, networkConnectionEnabled: false, pageLoadStrategy: normal, platform: WINDOWS, platformName: WINDOWS, proxy: Proxy(), se:cdp: ws://localhost:57450/devtoo..., se:cdpVersion: 97.0.4692.99, setWindowRect: true, strictFileInteractability: false, timeouts: {implicit: 0, pageLoad: 300000, script: 30000}, unhandledPromptBehavior: dismiss and notify, webauthn:extension:credBlob: true, webauthn:extension:largeBlob: true, webauthn:virtualAuthenticators: true}
Session ID: 5167c2285450d0074441cb7cef9f1d1d
	at java.base/jdk.internal.reflect.NativeConstructorAccessorImpl.newInstance0(Native Method)
	at java.base/jdk.internal.reflect.NativeConstructorAccessorImpl.newInstance(NativeConstructorAccessorImpl.java:77)
	at java.base/jdk.internal.reflect.DelegatingConstructorAccessorImpl.newInstance(DelegatingConstructorAccessorImpl.java:45)
	at java.base/java.lang.reflect.Constructor.newInstanceWithCaller(Constructor.java:499)
	at java.base/java.lang.reflect.Constructor.newInstance(Constructor.java:480)
	at org.openqa.selenium.remote.codec.w3c.W3CHttpResponseCodec.createException(W3CHttpResponseCodec.java:200)
	at org.openqa.selenium.remote.codec.w3c.W3CHttpResponseCodec.decode(W3CHttpResponseCodec.java:133)
	at org.openqa.selenium.remote.codec.w3c.W3CHttpResponseCodec.decode(W3CHttpResponseCodec.java:53)
	at org.openqa.selenium.remote.HttpCommandExecutor.execute(HttpCommandExecutor.java:184)
	at org.openqa.selenium.remote.service.DriverCommandExecutor.invokeExecute(DriverCommandExecutor.java:164)
	at org.openqa.selenium.remote.service.DriverCommandExecutor.execute(DriverCommandExecutor.java:139)
	at org.openqa.selenium.remote.RemoteWebDriver.execute(RemoteWebDriver.java:559)
	at org.openqa.selenium.remote.ElementLocation$ElementFinder$2.findElement(ElementLocation.java:162)
	at org.openqa.selenium.remote.ElementLocation.findElement(ElementLocation.java:60)
	at org.openqa.selenium.remote.RemoteWebDriver.findElement(RemoteWebDriver.java:383)
	at org.openqa.selenium.remote.RemoteWebDriver.findElement(RemoteWebDriver.java:375)
	at org.openqa.selenium.support.pagefactory.DefaultElementLocator.findElement(DefaultElementLocator.java:70)
	at org.openqa.selenium.support.pagefactory.internal.LocatingElementHandler.invoke(LocatingElementHandler.java:39)
	at jdk.proxy2/jdk.proxy2.$Proxy18.isDisplayed(Unknown Source)
	at com.buffalocart.pages.NewLead.required(NewLead.java:98)
	at com.buffalocart.test.NewLeadTest.verifyAddleadpage(NewLeadTest.java:49)
	at java.base/jdk.internal.reflect.NativeMethodAccessorImpl.invoke0(Native Method)
	at java.base/jdk.internal.reflect.NativeMethodAccessorImpl.invoke(NativeMethodAccessorImpl.java:77)
	at java.base/jdk.internal.reflect.DelegatingMethodAccessorImpl.invoke(DelegatingMethodAccessorImpl.java:43)
	at java.base/java.lang.reflect.Method.invoke(Method.java:568)
	at org.testng.internal.invokers.MethodInvocationHelper.invokeMethod(MethodInvocationHelper.java:135)
	at org.testng.internal.invokers.TestInvoker.invokeMethod(TestInvoker.java:673)
	at org.testng.internal.invokers.TestInvoker.invokeTestMethod(TestInvoker.java:220)
	at org.testng.internal.invokers.MethodRunner.runInSequence(MethodRunner.java:50)
	at org.testng.internal.invokers.TestInvoker$MethodInvocationAgent.invoke(TestInvoker.java:945)
	at org.testng.internal.invokers.TestInvoker.invokeTestMethods(TestInvoker.java:193)
	at org.testng.internal.invokers.TestMethodWorker.invokeTestMethods(TestMethodWorker.java:146)
	at org.testng.internal.invokers.TestMethodWorker.run(TestMethodWorker.java:128)
	at java.base/java.util.ArrayList.forEach(ArrayList.java:1511)
	at org.testng.TestRunner.privateRun(TestRunner.java:808)
	at org.testng.TestRunner.run(TestRunner.java:603)
	at org.testng.SuiteRunner.runTest(SuiteRunner.java:429)
	at org.testng.SuiteRunner.runSequentially(SuiteRunner.java:423)
	at org.testng.SuiteRunner.privateRun(SuiteRunner.java:383)
	at org.testng.SuiteRunner.run(SuiteRunner.java:326)
	at org.testng.SuiteRunnerWorker.runSuite(SuiteRunnerWorker.java:52)
	at org.testng.SuiteRunnerWorker.run(SuiteRunnerWorker.java:95)
	at org.testng.TestNG.runSuitesSequentially(TestNG.java:1249)
	at org.testng.TestNG.runSuitesLocally(TestNG.java:1169)
	at org.testng.TestNG.runSuites(TestNG.java:1092)
	at org.testng.TestNG.run(TestNG.java:1060)
	at org.testng.remote.AbstractRemoteTestNG.run(AbstractRemoteTestNG.java:115)
	at org.testng.remote.RemoteTestNG.initAndRun(RemoteTestNG.java:251)
	at org.testng.remote.RemoteTestNG.main(RemoteTestNG.java:77)
</pre></div></td>
<td>7</td>
<td>com.buffalocart.test.NewLeadTest@a307a8c</td></tr>
<tr>
<td title='com.buffalocart.test.SigninTest.verifySignIn()'><b>verifySignIn</b><br>Test class: com.buffalocart.test.SigninTest<br>Test method: TC_002_SignIn<br>Parameters: admin, 123456</td>
<td><div><pre>org.openqa.selenium.NoSuchElementException: no such element: Unable to locate element: {&quot;method&quot;:&quot;xpath&quot;,&quot;selector&quot;:&quot;//div[@class=&quot;alert alert-danger&quot;]&quot;}
  (Session info: chrome=97.0.4692.99)
For documentation on this error, please visit: https://selenium.dev/exceptions/#no_such_element
Build info: version: &apos;4.0.0&apos;, revision: &apos;3a21814679&apos;
System info: host: &apos;LESHMISAT&apos;, ip: &apos;192.168.1.3&apos;, os.name: &apos;Windows 10&apos;, os.arch: &apos;amd64&apos;, os.version: &apos;10.0&apos;, java.version: &apos;17.0.1&apos;
Driver info: org.openqa.selenium.chrome.ChromeDriver
Command: [f7d26372599d2cd560ea7dec3bf6dd47, findElement {using=xpath, value=//div[@class=&quot;alert alert-danger&quot;]}]
Capabilities {acceptInsecureCerts: false, browserName: chrome, browserVersion: 97.0.4692.99, chrome: {chromedriverVersion: 96.0.4664.45 (76e4c1bb2ab46..., userDataDir: C:\Users\LESHMI~1\AppData\L...}, goog:chromeOptions: {debuggerAddress: localhost:57193}, javascriptEnabled: true, networkConnectionEnabled: false, pageLoadStrategy: normal, platform: WINDOWS, platformName: WINDOWS, proxy: Proxy(), se:cdp: ws://localhost:57193/devtoo..., se:cdpVersion: 97.0.4692.99, setWindowRect: true, strictFileInteractability: false, timeouts: {implicit: 0, pageLoad: 300000, script: 30000}, unhandledPromptBehavior: dismiss and notify, webauthn:extension:credBlob: true, webauthn:extension:largeBlob: true, webauthn:virtualAuthenticators: true}
Session ID: f7d26372599d2cd560ea7dec3bf6dd47
	at org.openqa.selenium.remote.codec.w3c.W3CHttpResponseCodec.createException(W3CHttpResponseCodec.java:200)
	at org.openqa.selenium.remote.codec.w3c.W3CHttpResponseCodec.decode(W3CHttpResponseCodec.java:133)
	at org.openqa.selenium.remote.codec.w3c.W3CHttpResponseCodec.decode(W3CHttpResponseCodec.java:53)
	at org.openqa.selenium.remote.HttpCommandExecutor.execute(HttpCommandExecutor.java:184)
	at org.openqa.selenium.remote.service.DriverCommandExecutor.invokeExecute(DriverCommandExecutor.java:164)
	at org.openqa.selenium.remote.service.DriverCommandExecutor.execute(DriverCommandExecutor.java:139)
	at org.openqa.selenium.remote.RemoteWebDriver.execute(RemoteWebDriver.java:559)
	at org.openqa.selenium.remote.ElementLocation$ElementFinder$2.findElement(ElementLocation.java:162)
	at org.openqa.selenium.remote.ElementLocation.findElement(ElementLocation.java:60)
	at org.openqa.selenium.remote.RemoteWebDriver.findElement(RemoteWebDriver.java:383)
	at org.openqa.selenium.remote.RemoteWebDriver.findElement(RemoteWebDriver.java:375)
	at org.openqa.selenium.support.pagefactory.DefaultElementLocator.findElement(DefaultElementLocator.java:70)
	at org.openqa.selenium.support.pagefactory.internal.LocatingElementHandler.invoke(LocatingElementHandler.java:39)
	at jdk.proxy2/jdk.proxy2.$Proxy18.isDisplayed(Unknown Source)
	at com.buffalocart.pages.SignIn.isAlertPresent(SignIn.java:35)
	at com.buffalocart.test.SigninTest.verifySignIn(SigninTest.java:39)
	at java.base/java.util.ArrayList.forEach(ArrayList.java:1511)
... Removed 32 stack frames</pre></div><a href='#' onClick='toggleBox("stack-trace1116462450", this, "Click to show all stack frames", "Click to hide stack frames")'>Click to show all stack frames</a>
<div class='stack-trace' id='stack-trace1116462450'><pre>org.openqa.selenium.NoSuchElementException: no such element: Unable to locate element: {&quot;method&quot;:&quot;xpath&quot;,&quot;selector&quot;:&quot;//div[@class=&quot;alert alert-danger&quot;]&quot;}
  (Session info: chrome=97.0.4692.99)
For documentation on this error, please visit: https://selenium.dev/exceptions/#no_such_element
Build info: version: &apos;4.0.0&apos;, revision: &apos;3a21814679&apos;
System info: host: &apos;LESHMISAT&apos;, ip: &apos;192.168.1.3&apos;, os.name: &apos;Windows 10&apos;, os.arch: &apos;amd64&apos;, os.version: &apos;10.0&apos;, java.version: &apos;17.0.1&apos;
Driver info: org.openqa.selenium.chrome.ChromeDriver
Command: [f7d26372599d2cd560ea7dec3bf6dd47, findElement {using=xpath, value=//div[@class=&quot;alert alert-danger&quot;]}]
Capabilities {acceptInsecureCerts: false, browserName: chrome, browserVersion: 97.0.4692.99, chrome: {chromedriverVersion: 96.0.4664.45 (76e4c1bb2ab46..., userDataDir: C:\Users\LESHMI~1\AppData\L...}, goog:chromeOptions: {debuggerAddress: localhost:57193}, javascriptEnabled: true, networkConnectionEnabled: false, pageLoadStrategy: normal, platform: WINDOWS, platformName: WINDOWS, proxy: Proxy(), se:cdp: ws://localhost:57193/devtoo..., se:cdpVersion: 97.0.4692.99, setWindowRect: true, strictFileInteractability: false, timeouts: {implicit: 0, pageLoad: 300000, script: 30000}, unhandledPromptBehavior: dismiss and notify, webauthn:extension:credBlob: true, webauthn:extension:largeBlob: true, webauthn:virtualAuthenticators: true}
Session ID: f7d26372599d2cd560ea7dec3bf6dd47
	at java.base/jdk.internal.reflect.NativeConstructorAccessorImpl.newInstance0(Native Method)
	at java.base/jdk.internal.reflect.NativeConstructorAccessorImpl.newInstance(NativeConstructorAccessorImpl.java:77)
	at java.base/jdk.internal.reflect.DelegatingConstructorAccessorImpl.newInstance(DelegatingConstructorAccessorImpl.java:45)
	at java.base/java.lang.reflect.Constructor.newInstanceWithCaller(Constructor.java:499)
	at java.base/java.lang.reflect.Constructor.newInstance(Constructor.java:480)
	at org.openqa.selenium.remote.codec.w3c.W3CHttpResponseCodec.createException(W3CHttpResponseCodec.java:200)
	at org.openqa.selenium.remote.codec.w3c.W3CHttpResponseCodec.decode(W3CHttpResponseCodec.java:133)
	at org.openqa.selenium.remote.codec.w3c.W3CHttpResponseCodec.decode(W3CHttpResponseCodec.java:53)
	at org.openqa.selenium.remote.HttpCommandExecutor.execute(HttpCommandExecutor.java:184)
	at org.openqa.selenium.remote.service.DriverCommandExecutor.invokeExecute(DriverCommandExecutor.java:164)
	at org.openqa.selenium.remote.service.DriverCommandExecutor.execute(DriverCommandExecutor.java:139)
	at org.openqa.selenium.remote.RemoteWebDriver.execute(RemoteWebDriver.java:559)
	at org.openqa.selenium.remote.ElementLocation$ElementFinder$2.findElement(ElementLocation.java:162)
	at org.openqa.selenium.remote.ElementLocation.findElement(ElementLocation.java:60)
	at org.openqa.selenium.remote.RemoteWebDriver.findElement(RemoteWebDriver.java:383)
	at org.openqa.selenium.remote.RemoteWebDriver.findElement(RemoteWebDriver.java:375)
	at org.openqa.selenium.support.pagefactory.DefaultElementLocator.findElement(DefaultElementLocator.java:70)
	at org.openqa.selenium.support.pagefactory.internal.LocatingElementHandler.invoke(LocatingElementHandler.java:39)
	at jdk.proxy2/jdk.proxy2.$Proxy18.isDisplayed(Unknown Source)
	at com.buffalocart.pages.SignIn.isAlertPresent(SignIn.java:35)
	at com.buffalocart.test.SigninTest.verifySignIn(SigninTest.java:39)
	at java.base/jdk.internal.reflect.NativeMethodAccessorImpl.invoke0(Native Method)
	at java.base/jdk.internal.reflect.NativeMethodAccessorImpl.invoke(NativeMethodAccessorImpl.java:77)
	at java.base/jdk.internal.reflect.DelegatingMethodAccessorImpl.invoke(DelegatingMethodAccessorImpl.java:43)
	at java.base/java.lang.reflect.Method.invoke(Method.java:568)
	at org.testng.internal.invokers.MethodInvocationHelper.invokeMethod(MethodInvocationHelper.java:135)
	at org.testng.internal.invokers.TestInvoker.invokeMethod(TestInvoker.java:673)
	at org.testng.internal.invokers.TestInvoker.invokeTestMethod(TestInvoker.java:220)
	at org.testng.internal.invokers.MethodRunner.runInSequence(MethodRunner.java:50)
	at org.testng.internal.invokers.TestInvoker$MethodInvocationAgent.invoke(TestInvoker.java:945)
	at org.testng.internal.invokers.TestInvoker.invokeTestMethods(TestInvoker.java:193)
	at org.testng.internal.invokers.TestMethodWorker.invokeTestMethods(TestMethodWorker.java:146)
	at org.testng.internal.invokers.TestMethodWorker.run(TestMethodWorker.java:128)
	at java.base/java.util.ArrayList.forEach(ArrayList.java:1511)
	at org.testng.TestRunner.privateRun(TestRunner.java:808)
	at org.testng.TestRunner.run(TestRunner.java:603)
	at org.testng.SuiteRunner.runTest(SuiteRunner.java:429)
	at org.testng.SuiteRunner.runSequentially(SuiteRunner.java:423)
	at org.testng.SuiteRunner.privateRun(SuiteRunner.java:383)
	at org.testng.SuiteRunner.run(SuiteRunner.java:326)
	at org.testng.SuiteRunnerWorker.runSuite(SuiteRunnerWorker.java:52)
	at org.testng.SuiteRunnerWorker.run(SuiteRunnerWorker.java:95)
	at org.testng.TestNG.runSuitesSequentially(TestNG.java:1249)
	at org.testng.TestNG.runSuitesLocally(TestNG.java:1169)
	at org.testng.TestNG.runSuites(TestNG.java:1092)
	at org.testng.TestNG.run(TestNG.java:1060)
	at org.testng.remote.AbstractRemoteTestNG.run(AbstractRemoteTestNG.java:115)
	at org.testng.remote.RemoteTestNG.initAndRun(RemoteTestNG.java:251)
	at org.testng.remote.RemoteTestNG.main(RemoteTestNG.java:77)
</pre></div></td>
<td>14</td>
<td>com.buffalocart.test.SigninTest@704deff2</td></tr>
</table><p>
<table width='100%' border='1' class='invocation-passed'>
<tr><td colspan='4' align='center'><b>PASSED TESTS</b></td></tr>
<tr><td><b>Test method</b></td>
<td width="30%"><b>Exception</b></td>
<td width="10%"><b>Time (seconds)</b></td>
<td><b>Instance</b></td>
</tr>
<tr>
<td title='com.buffalocart.test.NewUserTest.verifyCreateNewUserpage()'><b>verifyCreateNewUserpage</b><br>Test class: com.buffalocart.test.NewUserTest<br>Test method: TC_011_Createnewuser<br>Parameters: niyathi, niya12, 123567, 123567, niya@gmail.com</td>
<td></td>
<td>4</td>
<td>com.buffalocart.test.NewUserTest@404bbcbd</td></tr>
<tr>
<td title='com.buffalocart.test.StockManagmentTest.verifySignin()'><b>verifySignin</b><br>Test class: com.buffalocart.test.StockManagmentTest<br>Parameters: admin, 123456</td>
<td></td>
<td>12</td>
<td>com.buffalocart.test.StockManagmentTest@2b9ed6da</td></tr>
<tr>
<td title='com.buffalocart.test.StockManagmentTest.verifyUserList()'><b>verifyUserList</b><br>Test class: com.buffalocart.test.StockManagmentTest<br>Test method: TC_020_StockManagement</td>
<td></td>
<td>0</td>
<td>com.buffalocart.test.StockManagmentTest@2b9ed6da</td></tr>
<tr>
<td title='com.buffalocart.test.TaskPageTest.verifyTaskIcon_()'><b>verifyTaskIcon_</b><br>Test class: com.buffalocart.test.TaskPageTest<br>Test method: TC_014_Taskicon</td>
<td></td>
<td>3</td>
<td>com.buffalocart.test.TaskPageTest@55c53a33</td></tr>
<tr>
<td title='com.buffalocart.test.SigninTest.verifyLoginTitle()'><b>verifyLoginTitle</b><br>Test class: com.buffalocart.test.SigninTest<br>Test method: TC_001_verifyLoginTitle</td>
<td></td>
<td>0</td>
<td>com.buffalocart.test.SigninTest@704deff2</td></tr>
<tr>
<td title='com.buffalocart.test.ImportleadTest.verifyUploadFile()'><b>verifyUploadFile</b><br>Test class: com.buffalocart.test.ImportleadTest<br>Test method: TC_009_FileUpload</td>
<td></td>
<td>4</td>
<td>com.buffalocart.test.ImportleadTest@1bab8268</td></tr>
<tr>
<td title='com.buffalocart.test.ForgotPasswordTest.verifyRememberPassword()'><b>verifyRememberPassword</b><br>Test class: com.buffalocart.test.ForgotPasswordTest<br>Test method: TC_018_rememberPassword</td>
<td></td>
<td>0</td>
<td>com.buffalocart.test.ForgotPasswordTest@6e01f9b0</td></tr>
<tr>
<td title='com.buffalocart.test.LogoutTest.verifyLogoutpage()'><b>verifyLogoutpage</b><br>Test class: com.buffalocart.test.LogoutTest<br>Test method: TC_006_Logout</td>
<td></td>
<td>4</td>
<td>com.buffalocart.test.LogoutTest@1e81f160</td></tr>
<tr>
<td title='com.buffalocart.test.LogoutTest.verifyNewLead()'><b>verifyNewLead</b><br>Test class: com.buffalocart.test.LogoutTest<br>Parameters: admin, 123456</td>
<td></td>
<td>12</td>
<td>com.buffalocart.test.LogoutTest@1e81f160</td></tr>
<tr>
<td title='com.buffalocart.test.HomePageTest.verifySearchMenu()'><b>verifySearchMenu</b><br>Test class: com.buffalocart.test.HomePageTest<br>Test method: TC_025_Verify Search Menu </td>
<td></td>
<td>0</td>
<td>com.buffalocart.test.HomePageTest@3ddc6915</td></tr>
<tr>
<td title='com.buffalocart.test.SigninTest.verifyHomepageTitle()'><b>verifyHomepageTitle</b><br>Test class: com.buffalocart.test.SigninTest<br>Test method: TC_003_Homepage</td>
<td></td>
<td>0</td>
<td>com.buffalocart.test.SigninTest@704deff2</td></tr>
<tr>
<td title='com.buffalocart.test.AllLeadTest.verifyTheLeadpage()'><b>verifyTheLeadpage</b><br>Test class: com.buffalocart.test.AllLeadTest<br>Test method: TC_007_AllLead pageDisplayed</td>
<td></td>
<td>3</td>
<td>com.buffalocart.test.AllLeadTest@6986852</td></tr>
<tr>
<td title='com.buffalocart.test.ImportleadTest.verifyImprtLeadpage()'><b>verifyImprtLeadpage</b><br>Test class: com.buffalocart.test.ImportleadTest<br>Test method: TC_008_verifypagetitle</td>
<td></td>
<td>2</td>
<td>com.buffalocart.test.ImportleadTest@1bab8268</td></tr>
<tr>
<td title='com.buffalocart.test.ForgotPasswordTest.forgotpasswordPage()'><b>forgotpasswordPage</b><br>Test class: com.buffalocart.test.ForgotPasswordTest<br>Test method: TC_016_forgotpassword</td>
<td></td>
<td>34</td>
<td>com.buffalocart.test.ForgotPasswordTest@6e01f9b0</td></tr>
<tr>
<td title='com.buffalocart.test.HomePageTest.verifydate()'><b>verifydate</b><br>Test class: com.buffalocart.test.HomePageTest<br>Test method: TC_023_Verify date in home page</td>
<td></td>
<td>0</td>
<td>com.buffalocart.test.HomePageTest@3ddc6915</td></tr>
<tr>
<td title='com.buffalocart.test.NewLeadTest.verifyNewLead()'><b>verifyNewLead</b><br>Test class: com.buffalocart.test.NewLeadTest<br>Parameters: admin, 123456</td>
<td></td>
<td>15</td>
<td>com.buffalocart.test.NewLeadTest@a307a8c</td></tr>
<tr>
<td title='com.buffalocart.test.HomePageTest.verifyhomePagetitle()'><b>verifyhomePagetitle</b><br>Test class: com.buffalocart.test.HomePageTest<br>Test method: TC_022_Verify Home Page title</td>
<td></td>
<td>0</td>
<td>com.buffalocart.test.HomePageTest@3ddc6915</td></tr>
<tr>
<td title='com.buffalocart.test.TaskPageTest.verifyAddnewTask()'><b>verifyAddnewTask</b><br>Test class: com.buffalocart.test.TaskPageTest<br>Test method: TC_015_NewTask</td>
<td></td>
<td>2</td>
<td>com.buffalocart.test.TaskPageTest@55c53a33</td></tr>
<tr>
<td title='com.buffalocart.test.NewUserLoginTest.verifyNewUserSignin()'><b>verifyNewUserSignin</b><br>Test class: com.buffalocart.test.NewUserLoginTest<br>Test method: TC_017_NewuserLogin<br>Parameters: niya12, 123567</td>
<td></td>
<td>10</td>
<td>com.buffalocart.test.NewUserLoginTest@379614be</td></tr>
<tr>
<td title='com.buffalocart.test.HomePageTest.verifyGetYourAccountPage()'><b>verifyGetYourAccountPage</b><br>Test class: com.buffalocart.test.HomePageTest<br>Test method: TC_021_Verify Get Your Accout Page</td>
<td></td>
<td>3</td>
<td>com.buffalocart.test.HomePageTest@3ddc6915</td></tr>
<tr>
<td title='com.buffalocart.test.TaskPageTest.verifyTaskLogin()'><b>verifyTaskLogin</b><br>Test class: com.buffalocart.test.TaskPageTest<br>Parameters: admin, 123456</td>
<td></td>
<td>12</td>
<td>com.buffalocart.test.TaskPageTest@55c53a33</td></tr>
<tr>
<td title='com.buffalocart.test.HomePageTest.verifyAttendanceMark()'><b>verifyAttendanceMark</b><br>Test class: com.buffalocart.test.HomePageTest<br>Test method: TC_024_Verify Whether Attendance is Marked<br>Parameters: admin, 123456</td>
<td></td>
<td>7</td>
<td>com.buffalocart.test.HomePageTest@3ddc6915</td></tr>
<tr>
<td title='com.buffalocart.test.NewLeadTest.verifySaveNewLead()'><b>verifySaveNewLead</b><br>Test class: com.buffalocart.test.NewLeadTest<br>Test method: TC_005_Save</td>
<td></td>
<td>4</td>
<td>com.buffalocart.test.NewLeadTest@a307a8c</td></tr>
<tr>
<td title='com.buffalocart.test.SigninTest.verifySignIn()'><b>verifySignIn</b><br>Test class: com.buffalocart.test.SigninTest<br>Test method: TC_002_SignIn<br>Parameters: leshmi, 12345</td>
<td></td>
<td>3</td>
<td>com.buffalocart.test.SigninTest@704deff2</td></tr>
<tr>
<td title='com.buffalocart.test.AllLeadTest.verifyLogin()'><b>verifyLogin</b><br>Test class: com.buffalocart.test.AllLeadTest<br>Parameters: admin, 123456</td>
<td></td>
<td>11</td>
<td>com.buffalocart.test.AllLeadTest@6986852</td></tr>
<tr>
<td title='com.buffalocart.test.NewUserTest.verifyUserPage()'><b>verifyUserPage</b><br>Test class: com.buffalocart.test.NewUserTest<br>Test method: TC_010_verifyTitlepage</td>
<td></td>
<td>3</td>
<td>com.buffalocart.test.NewUserTest@404bbcbd</td></tr>
<tr>
<td title='com.buffalocart.test.NewUserTest.verifyUserSignin()'><b>verifyUserSignin</b><br>Test class: com.buffalocart.test.NewUserTest<br>Parameters: admin, 123456</td>
<td></td>
<td>12</td>
<td>com.buffalocart.test.NewUserTest@404bbcbd</td></tr>
<tr>
<td title='com.buffalocart.test.ImportleadTest.verifyNewLead()'><b>verifyNewLead</b><br>Test class: com.buffalocart.test.ImportleadTest<br>Parameters: admin, 123456</td>
<td></td>
<td>16</td>
<td>com.buffalocart.test.ImportleadTest@1bab8268</td></tr>
<tr>
<td title='com.buffalocart.test.ForgotPasswordTest.verifyRememberedPassword()'><b>verifyRememberedPassword</b><br>Test class: com.buffalocart.test.ForgotPasswordTest<br>Test method: TC_019_rememberedPassword</td>
<td></td>
<td>1</td>
<td>com.buffalocart.test.ForgotPasswordTest@6e01f9b0</td></tr>
<tr>
<td title='com.buffalocart.test.NewUserTest.verifyCreateUser()'><b>verifyCreateUser</b><br>Test class: com.buffalocart.test.NewUserTest<br>Test method: TC_013_Created</td>
<td></td>
<td>0</td>
<td>com.buffalocart.test.NewUserTest@404bbcbd</td></tr>
<tr>
<td title='com.buffalocart.test.ForgotPasswordTest.verifyInvalidLogin()'><b>verifyInvalidLogin</b><br>Test class: com.buffalocart.test.ForgotPasswordTest<br>Test method: TC_017_invalidforgot</td>
<td></td>
<td>5</td>
<td>com.buffalocart.test.ForgotPasswordTest@6e01f9b0</td></tr>
</table><p>
</body>
</html>