<!DOCTYPE html PUBLIC "-//W3C//DTD XHTML 1.1//EN" "https://www.w3.org/TR/xhtml11/DTD/xhtml11.dtd">
<html xmlns="https://www.w3.org/1999/xhtml">
<head>
<meta http-equiv="content-type" content="text/html; charset=UTF-8"/>
<title>TestNG Report</title>
<style type="text/css">table {margin-bottom:10px;border-collapse:collapse;empty-cells:show}th,td {border:1px solid #009;padding:.25em .5em}th {vertical-align:bottom}td {vertical-align:top}table a {font-weight:bold}.stripe td {background-color: #E6EBF9}.num {text-align:right}.passedodd td {background-color: #3F3}.passedeven td {background-color: #0A0}.skippedodd td {background-color: #DDD}.skippedeven td {background-color: #CCC}.failedodd td,.attn {background-color: #F33}.failedeven td,.stripe .attn {background-color: #D00}.stacktrace {white-space:pre;font-family:monospace}.totop {font-size:85%;text-align:center;border-bottom:2px solid #000}.invisible {display:none}</style>
</head>
<body>
<table>
<tr><th>Test</th><th># Passed</th><th># Skipped</th><th># Retried</th><th># Failed</th><th>Time (ms)</th><th>Included Groups</th><th>Excluded Groups</th></tr>
<tr><th colspan="8">Suite</th></tr>
<tr><td><a href="#t0">Test</a></td><td class="num">31</td><td class="num">0</td><td class="num">0</td><td class="num attn">2</td><td class="num">288,802</td><td></td><td></td></tr>
</table>
<table id='summary'><thead><tr><th>Class</th><th>Method</th><th>Start</th><th>Time (ms)</th></tr></thead><tbody><tr><th colspan="4">Suite</th></tr></tbody><tbody id="t0"><tr><th colspan="4">Test &#8212; failed</th></tr><tr class="failedeven"><td rowspan="1">com.buffalocart.test.NewLeadTest</td><td><a href="#m0">verifyAddleadpage</a></td><td rowspan="1">1643682909922</td><td rowspan="1">7430</td></tr><tr class="failedodd"><td rowspan="1">com.buffalocart.test.SigninTest</td><td><a href="#m1">verifySignIn</a></td><td rowspan="1">1643682755825</td><td rowspan="1">14927</td></tr><tr><th colspan="4">Test &#8212; passed</th></tr><tr class="passedeven"><td rowspan="2">com.buffalocart.test.AllLeadTest</td><td><a href="#m2">verifyLogin</a></td><td rowspan="1">1643682844198</td><td rowspan="1">11985</td></tr><tr class="passedeven"><td><a href="#m3">verifyTheLeadpage</a></td><td rowspan="1">1643682856194</td><td rowspan="1">3473</td></tr><tr class="passedodd"><td rowspan="4">com.buffalocart.test.ForgotPasswordTest</td><td><a href="#m4">forgotpasswordPage</a></td><td rowspan="1">1643682926432</td><td rowspan="1">34516</td></tr><tr class="passedodd"><td><a href="#m5">verifyInvalidLogin</a></td><td rowspan="1">1643682960958</td><td rowspan="1">5002</td></tr><tr class="passedodd"><td><a href="#m6">verifyRememberPassword</a></td><td rowspan="1">1643682926313</td><td rowspan="1">113</td></tr><tr class="passedodd"><td><a href="#m7">verifyRememberedPassword</a></td><td rowspan="1">1643682965962</td><td rowspan="1">1365</td></tr><tr class="passedeven"><td rowspan="5">com.buffalocart.test.HomePageTest</td><td><a href="#m8">verifyAttendanceMark</a></td><td rowspan="1">1643682739234</td><td rowspan="1">7368</td></tr><tr class="passedeven"><td><a href="#m9">verifyGetYourAccountPage</a></td><td rowspan="1">1643682735265</td><td rowspan="1">3821</td></tr><tr class="passedeven"><td><a href="#m10">verifySearchMenu</a></td><td rowspan="1">1643682746687</td><td rowspan="1">312</td></tr><tr class="passedeven"><td><a href="#m11">verifydate</a></td><td rowspan="1">1643682746658</td><td rowspan="1">15</td></tr><tr class="passedeven"><td><a href="#m12">verifyhomePagetitle</a></td><td rowspan="1">1643682746619</td><td rowspan="1">24</td></tr><tr class="passedodd"><td rowspan="3">com.buffalocart.test.ImportleadTest</td><td><a href="#m13">verifyImprtLeadpage</a></td><td rowspan="1">1643682881185</td><td rowspan="1">2896</td></tr><tr class="passedodd"><td><a href="#m14">verifyNewLead</a></td><td rowspan="1">1643682864289</td><td rowspan="1">16829</td></tr><tr class="passedodd"><td><a href="#m15">verifyUploadFile</a></td><td rowspan="1">1643682884084</td><td rowspan="1">4448</td></tr><tr class="passedeven"><td rowspan="2">com.buffalocart.test.LogoutTest</td><td><a href="#m16">verifyLogoutpage</a></td><td rowspan="1">1643682834701</td><td rowspan="1">4295</td></tr><tr class="passedeven"><td><a href="#m17">verifyNewLead</a></td><td rowspan="1">1643682821762</td><td rowspan="1">12935</td></tr><tr class="passedodd"><td rowspan="2">com.buffalocart.test.NewLeadTest</td><td><a href="#m18">verifyNewLead</a></td><td rowspan="1">1643682894722</td><td rowspan="1">15054</td></tr><tr class="passedodd"><td><a href="#m19">verifySaveNewLead</a></td><td rowspan="1">1643682917358</td><td rowspan="1">4607</td></tr><tr class="passedeven"><td rowspan="1">com.buffalocart.test.NewUserLoginTest</td><td><a href="#m20">verifyNewUserSignin</a></td><td rowspan="1">1643682780053</td><td rowspan="1">10878</td></tr><tr class="passedodd"><td rowspan="4">com.buffalocart.test.NewUserTest</td><td><a href="#m21">verifyCreateNewUserpage</a></td><td rowspan="1">1643682811649</td><td rowspan="1">4943</td></tr><tr class="passedodd"><td><a href="#m22">verifyCreateUser</a></td><td rowspan="1">1643682816600</td><td rowspan="1">21</td></tr><tr class="passedodd"><td><a href="#m23">verifyUserPage</a></td><td rowspan="1">1643682807653</td><td rowspan="1">3882</td></tr><tr class="passedodd"><td><a href="#m24">verifyUserSignin</a></td><td rowspan="1">1643682795390</td><td rowspan="1">12260</td></tr><tr class="passedeven"><td rowspan="3">com.buffalocart.test.SigninTest</td><td><a href="#m25">verifyHomepageTitle</a></td><td rowspan="1">1643682770771</td><td rowspan="1">167</td></tr><tr class="passedeven"><td><a href="#m26">verifyLoginTitle</a></td><td rowspan="1">1643682751880</td><td rowspan="1">30</td></tr><tr class="passedeven"><td><a href="#m27">verifySignIn</a></td><td rowspan="1">1643682751982</td><td rowspan="1">3841</td></tr><tr class="passedodd"><td rowspan="2">com.buffalocart.test.StockManagmentTest</td><td><a href="#m28">verifySignin</a></td><td rowspan="1">1643682972205</td><td rowspan="1">12166</td></tr><tr class="passedodd"><td><a href="#m29">verifyUserList</a></td><td rowspan="1">1643682984378</td><td rowspan="1">834</td></tr><tr class="passedeven"><td rowspan="3">com.buffalocart.test.TaskPageTest</td><td><a href="#m30">verifyAddnewTask</a></td><td rowspan="1">1643682723587</td><td rowspan="1">2733</td></tr><tr class="passedeven"><td><a href="#m31">verifyTaskIcon_</a></td><td rowspan="1">1643682719818</td><td rowspan="1">3754</td></tr><tr class="passedeven"><td><a href="#m32">verifyTaskLogin</a></td><td rowspan="1">1643682706917</td><td rowspan="1">12841</td></tr></tbody>
</table>
<h2>Test</h2><h3 id="m0">com.buffalocart.test.NewLeadTest#verifyAddleadpage</h3><table class="result"><tr class="param"><th>Parameter #1</th><th>Parameter #2</th><th>Parameter #3</th><th>Parameter #4</th><th>Parameter #5</th><th>Parameter #6</th><th>Parameter #7</th><th>Parameter #8</th><th>Parameter #9</th></tr><tr class="param stripe"><td>lead123</td><td>obsqura</td><td>obsqurazone@gmail.com</td><td>9456789909</td><td>trivandrum</td><td>ameya</td><td>8976558</td><td>absqura,trivandrum</td><td>kerala</td></tr><tr><th colspan="9">Exception</th></tr><tr><td colspan="9"><div class="stacktrace">org.openqa.selenium.NoSuchElementException: no such element: Unable to locate element: {&quot;method&quot;:&quot;xpath&quot;,&quot;selector&quot;:&quot;//li[@class=&quot;parsley-required&quot;]&quot;}
  (Session info: chrome=97.0.4692.99)
For documentation on this error, please visit: https://selenium.dev/exceptions/#no_such_element
Build info: version: &apos;4.0.0&apos;, revision: &apos;3a21814679&apos;
System info: host: &apos;LESHMISAT&apos;, ip: &apos;192.168.1.3&apos;, os.name: &apos;Windows 10&apos;, os.arch: &apos;amd64&apos;, os.version: &apos;10.0&apos;, java.version: &apos;17.0.1&apos;
Driver info: org.openqa.selenium.chrome.ChromeDriver
Command: [5167c2285450d0074441cb7cef9f1d1d, findElement {using=xpath, value=//li[@class=&quot;parsley-required&quot;]}]
Capabilities {acceptInsecureCerts: false, browserName: chrome, browserVersion: 97.0.4692.99, chrome: {chromedriverVersion: 96.0.4664.45 (76e4c1bb2ab46..., userDataDir: C:\Users\LESHMI~1\AppData\L...}, goog:chromeOptions: {debuggerAddress: localhost:57450}, javascriptEnabled: true, networkConnectionEnabled: false, pageLoadStrategy: normal, platform: WINDOWS, platformName: WINDOWS, proxy: Proxy(), se:cdp: ws://localhost:57450/devtoo..., se:cdpVersion: 97.0.4692.99, setWindowRect: true, strictFileInteractability: false, timeouts: {implicit: 0, pageLoad: 300000, script: 30000}, unhandledPromptBehavior: dismiss and notify, webauthn:extension:credBlob: true, webauthn:extension:largeBlob: true, webauthn:virtualAuthenticators: true}
Session ID: 5167c2285450d0074441cb7cef9f1d1d
	at org.openqa.selenium.remote.codec.w3c.W3CHttpResponseCodec.createException(W3CHttpResponseCodec.java:200)
	at org.openqa.selenium.remote.codec.w3c.W3CHttpResponseCodec.decode(W3CHttpResponseCodec.java:133)
	at org.openqa.selenium.remote.codec.w3c.W3CHttpResponseCodec.decode(W3CHttpResponseCodec.java:53)
	at org.openqa.selenium.remote.HttpCommandExecutor.execute(HttpCommandExecutor.java:184)
	at org.openqa.selenium.remote.service.DriverCommandExecutor.invokeExecute(DriverCommandExecutor.java:164)
	at org.openqa.selenium.remote.service.DriverCommandExecutor.execute(DriverCommandExecutor.java:139)
	at org.openqa.selenium.remote.RemoteWebDriver.execute(RemoteWebDriver.java:559)
	at org.openqa.selenium.remote.ElementLocation$ElementFinder$2.findElement(ElementLocation.java:162)
	at org.openqa.selenium.remote.ElementLocation.findElement(ElementLocation.java:60)
	at org.openqa.selenium.remote.RemoteWebDriver.findElement(RemoteWebDriver.java:383)
	at org.openqa.selenium.remote.RemoteWebDriver.findElement(RemoteWebDriver.java:375)
	at org.openqa.selenium.support.pagefactory.DefaultElementLocator.findElement(DefaultElementLocator.java:70)
	at org.openqa.selenium.support.pagefactory.internal.LocatingElementHandler.invoke(LocatingElementHandler.java:39)
	at jdk.proxy2/jdk.proxy2.$Proxy18.isDisplayed(Unknown Source)
	at com.buffalocart.pages.NewLead.required(NewLead.java:98)
	at com.buffalocart.test.NewLeadTest.verifyAddleadpage(NewLeadTest.java:49)
	at java.base/java.util.ArrayList.forEach(ArrayList.java:1511)
... Removed 32 stack frames</div></td></tr></table><p class="totop"><a href="#summary">back to summary</a></p>
<h3 id="m1">com.buffalocart.test.SigninTest#verifySignIn</h3><table class="result"><tr class="param"><th>Parameter #1</th><th>Parameter #2</th></tr><tr class="param stripe"><td>admin</td><td>123456</td></tr><tr><th colspan="2">Exception</th></tr><tr><td colspan="2"><div class="stacktrace">org.openqa.selenium.NoSuchElementException: no such element: Unable to locate element: {&quot;method&quot;:&quot;xpath&quot;,&quot;selector&quot;:&quot;//div[@class=&quot;alert alert-danger&quot;]&quot;}
  (Session info: chrome=97.0.4692.99)
For documentation on this error, please visit: https://selenium.dev/exceptions/#no_such_element
Build info: version: &apos;4.0.0&apos;, revision: &apos;3a21814679&apos;
System info: host: &apos;LESHMISAT&apos;, ip: &apos;192.168.1.3&apos;, os.name: &apos;Windows 10&apos;, os.arch: &apos;amd64&apos;, os.version: &apos;10.0&apos;, java.version: &apos;17.0.1&apos;
Driver info: org.openqa.selenium.chrome.ChromeDriver
Command: [f7d26372599d2cd560ea7dec3bf6dd47, findElement {using=xpath, value=//div[@class=&quot;alert alert-danger&quot;]}]
Capabilities {acceptInsecureCerts: false, browserName: chrome, browserVersion: 97.0.4692.99, chrome: {chromedriverVersion: 96.0.4664.45 (76e4c1bb2ab46..., userDataDir: C:\Users\LESHMI~1\AppData\L...}, goog:chromeOptions: {debuggerAddress: localhost:57193}, javascriptEnabled: true, networkConnectionEnabled: false, pageLoadStrategy: normal, platform: WINDOWS, platformName: WINDOWS, proxy: Proxy(), se:cdp: ws://localhost:57193/devtoo..., se:cdpVersion: 97.0.4692.99, setWindowRect: true, strictFileInteractability: false, timeouts: {implicit: 0, pageLoad: 300000, script: 30000}, unhandledPromptBehavior: dismiss and notify, webauthn:extension:credBlob: true, webauthn:extension:largeBlob: true, webauthn:virtualAuthenticators: true}
Session ID: f7d26372599d2cd560ea7dec3bf6dd47
	at org.openqa.selenium.remote.codec.w3c.W3CHttpResponseCodec.createException(W3CHttpResponseCodec.java:200)
	at org.openqa.selenium.remote.codec.w3c.W3CHttpResponseCodec.decode(W3CHttpResponseCodec.java:133)
	at org.openqa.selenium.remote.codec.w3c.W3CHttpResponseCodec.decode(W3CHttpResponseCodec.java:53)
	at org.openqa.selenium.remote.HttpCommandExecutor.execute(HttpCommandExecutor.java:184)
	at org.openqa.selenium.remote.service.DriverCommandExecutor.invokeExecute(DriverCommandExecutor.java:164)
	at org.openqa.selenium.remote.service.DriverCommandExecutor.execute(DriverCommandExecutor.java:139)
	at org.openqa.selenium.remote.RemoteWebDriver.execute(RemoteWebDriver.java:559)
	at org.openqa.selenium.remote.ElementLocation$ElementFinder$2.findElement(ElementLocation.java:162)
	at org.openqa.selenium.remote.ElementLocation.findElement(ElementLocation.java:60)
	at org.openqa.selenium.remote.RemoteWebDriver.findElement(RemoteWebDriver.java:383)
	at org.openqa.selenium.remote.RemoteWebDriver.findElement(RemoteWebDriver.java:375)
	at org.openqa.selenium.support.pagefactory.DefaultElementLocator.findElement(DefaultElementLocator.java:70)
	at org.openqa.selenium.support.pagefactory.internal.LocatingElementHandler.invoke(LocatingElementHandler.java:39)
	at jdk.proxy2/jdk.proxy2.$Proxy18.isDisplayed(Unknown Source)
	at com.buffalocart.pages.SignIn.isAlertPresent(SignIn.java:35)
	at com.buffalocart.test.SigninTest.verifySignIn(SigninTest.java:39)
	at java.base/java.util.ArrayList.forEach(ArrayList.java:1511)
... Removed 32 stack frames</div></td></tr></table><p class="totop"><a href="#summary">back to summary</a></p>
<h3 id="m2">com.buffalocart.test.AllLeadTest#verifyLogin</h3><table class="result"><tr class="param"><th>Parameter #1</th><th>Parameter #2</th></tr><tr class="param stripe"><td>admin</td><td>123456</td></tr></table><p class="totop"><a href="#summary">back to summary</a></p>
<h3 id="m3">com.buffalocart.test.AllLeadTest#verifyTheLeadpage</h3><table class="result"><tr><th class="invisible"/></tr></table><p class="totop"><a href="#summary">back to summary</a></p>
<h3 id="m4">com.buffalocart.test.ForgotPasswordTest#forgotpasswordPage</h3><table class="result"><tr><th class="invisible"/></tr></table><p class="totop"><a href="#summary">back to summary</a></p>
<h3 id="m5">com.buffalocart.test.ForgotPasswordTest#verifyInvalidLogin</h3><table class="result"><tr><th class="invisible"/></tr></table><p class="totop"><a href="#summary">back to summary</a></p>
<h3 id="m6">com.buffalocart.test.ForgotPasswordTest#verifyRememberPassword</h3><table class="result"><tr><th class="invisible"/></tr></table><p class="totop"><a href="#summary">back to summary</a></p>
<h3 id="m7">com.buffalocart.test.ForgotPasswordTest#verifyRememberedPassword</h3><table class="result"><tr><th class="invisible"/></tr></table><p class="totop"><a href="#summary">back to summary</a></p>
<h3 id="m8">com.buffalocart.test.HomePageTest#verifyAttendanceMark</h3><table class="result"><tr class="param"><th>Parameter #1</th><th>Parameter #2</th></tr><tr class="param stripe"><td>admin</td><td>123456</td></tr></table><p class="totop"><a href="#summary">back to summary</a></p>
<h3 id="m9">com.buffalocart.test.HomePageTest#verifyGetYourAccountPage</h3><table class="result"><tr><th class="invisible"/></tr></table><p class="totop"><a href="#summary">back to summary</a></p>
<h3 id="m10">com.buffalocart.test.HomePageTest#verifySearchMenu</h3><table class="result"><tr><th class="invisible"/></tr></table><p class="totop"><a href="#summary">back to summary</a></p>
<h3 id="m11">com.buffalocart.test.HomePageTest#verifydate</h3><table class="result"><tr><th class="invisible"/></tr></table><p class="totop"><a href="#summary">back to summary</a></p>
<h3 id="m12">com.buffalocart.test.HomePageTest#verifyhomePagetitle</h3><table class="result"><tr><th class="invisible"/></tr></table><p class="totop"><a href="#summary">back to summary</a></p>
<h3 id="m13">com.buffalocart.test.ImportleadTest#verifyImprtLeadpage</h3><table class="result"><tr><th class="invisible"/></tr></table><p class="totop"><a href="#summary">back to summary</a></p>
<h3 id="m14">com.buffalocart.test.ImportleadTest#verifyNewLead</h3><table class="result"><tr class="param"><th>Parameter #1</th><th>Parameter #2</th></tr><tr class="param stripe"><td>admin</td><td>123456</td></tr></table><p class="totop"><a href="#summary">back to summary</a></p>
<h3 id="m15">com.buffalocart.test.ImportleadTest#verifyUploadFile</h3><table class="result"><tr><th class="invisible"/></tr></table><p class="totop"><a href="#summary">back to summary</a></p>
<h3 id="m16">com.buffalocart.test.LogoutTest#verifyLogoutpage</h3><table class="result"><tr><th class="invisible"/></tr></table><p class="totop"><a href="#summary">back to summary</a></p>
<h3 id="m17">com.buffalocart.test.LogoutTest#verifyNewLead</h3><table class="result"><tr class="param"><th>Parameter #1</th><th>Parameter #2</th></tr><tr class="param stripe"><td>admin</td><td>123456</td></tr></table><p class="totop"><a href="#summary">back to summary</a></p>
<h3 id="m18">com.buffalocart.test.NewLeadTest#verifyNewLead</h3><table class="result"><tr class="param"><th>Parameter #1</th><th>Parameter #2</th></tr><tr class="param stripe"><td>admin</td><td>123456</td></tr></table><p class="totop"><a href="#summary">back to summary</a></p>
<h3 id="m19">com.buffalocart.test.NewLeadTest#verifySaveNewLead</h3><table class="result"><tr><th class="invisible"/></tr></table><p class="totop"><a href="#summary">back to summary</a></p>
<h3 id="m20">com.buffalocart.test.NewUserLoginTest#verifyNewUserSignin</h3><table class="result"><tr class="param"><th>Parameter #1</th><th>Parameter #2</th></tr><tr class="param stripe"><td>niya12</td><td>123567</td></tr></table><p class="totop"><a href="#summary">back to summary</a></p>
<h3 id="m21">com.buffalocart.test.NewUserTest#verifyCreateNewUserpage</h3><table class="result"><tr class="param"><th>Parameter #1</th><th>Parameter #2</th><th>Parameter #3</th><th>Parameter #4</th><th>Parameter #5</th></tr><tr class="param stripe"><td>niyathi</td><td>niya12</td><td>123567</td><td>123567</td><td>niya@gmail.com</td></tr></table><p class="totop"><a href="#summary">back to summary</a></p>
<h3 id="m22">com.buffalocart.test.NewUserTest#verifyCreateUser</h3><table class="result"><tr><th class="invisible"/></tr></table><p class="totop"><a href="#summary">back to summary</a></p>
<h3 id="m23">com.buffalocart.test.NewUserTest#verifyUserPage</h3><table class="result"><tr><th class="invisible"/></tr></table><p class="totop"><a href="#summary">back to summary</a></p>
<h3 id="m24">com.buffalocart.test.NewUserTest#verifyUserSignin</h3><table class="result"><tr class="param"><th>Parameter #1</th><th>Parameter #2</th></tr><tr class="param stripe"><td>admin</td><td>123456</td></tr></table><p class="totop"><a href="#summary">back to summary</a></p>
<h3 id="m25">com.buffalocart.test.SigninTest#verifyHomepageTitle</h3><table class="result"><tr><th class="invisible"/></tr></table><p class="totop"><a href="#summary">back to summary</a></p>
<h3 id="m26">com.buffalocart.test.SigninTest#verifyLoginTitle</h3><table class="result"><tr><th class="invisible"/></tr></table><p class="totop"><a href="#summary">back to summary</a></p>
<h3 id="m27">com.buffalocart.test.SigninTest#verifySignIn</h3><table class="result"><tr class="param"><th>Parameter #1</th><th>Parameter #2</th></tr><tr class="param stripe"><td>leshmi</td><td>12345</td></tr></table><p class="totop"><a href="#summary">back to summary</a></p>
<h3 id="m28">com.buffalocart.test.StockManagmentTest#verifySignin</h3><table class="result"><tr class="param"><th>Parameter #1</th><th>Parameter #2</th></tr><tr class="param stripe"><td>admin</td><td>123456</td></tr></table><p class="totop"><a href="#summary">back to summary</a></p>
<h3 id="m29">com.buffalocart.test.StockManagmentTest#verifyUserList</h3><table class="result"><tr><th class="invisible"/></tr></table><p class="totop"><a href="#summary">back to summary</a></p>
<h3 id="m30">com.buffalocart.test.TaskPageTest#verifyAddnewTask</h3><table class="result"><tr><th class="invisible"/></tr></table><p class="totop"><a href="#summary">back to summary</a></p>
<h3 id="m31">com.buffalocart.test.TaskPageTest#verifyTaskIcon_</h3><table class="result"><tr><th class="invisible"/></tr></table><p class="totop"><a href="#summary">back to summary</a></p>
<h3 id="m32">com.buffalocart.test.TaskPageTest#verifyTaskLogin</h3><table class="result"><tr class="param"><th>Parameter #1</th><th>Parameter #2</th></tr><tr class="param stripe"><td>admin</td><td>123456</td></tr></table><p class="totop"><a href="#summary">back to summary</a></p>
</body>
</html>
